<?xml version="1.0" encoding="UTF-8"?>
<!-- Generated by org.testng.reporters.JUnitReportReporter -->
<testsuite skipped="0" hostname="DESKTOP-BOE9VS2" name="com.runner.Para_firefoxRunnerClass" tests="1" failures="0" timestamp="2020-03-25T01:13:42 IST" time="54.029" errors="0">
  <testcase name="feature" time="54.029" classname="com.runner.Para_firefoxRunnerClass"/>
</testsuite> <!-- com.runner.Para_firefoxRunnerClass -->
